<?xml version="1.0" encoding="UTF-8"?>
<!-- Generated by org.testng.reporters.JUnitReportReporter -->
<testsuite hostname="NSWSYDNLP228" failures="0" tests="5" name="com.guru99.model.tests.MobilePageTests" time="14.527" errors="0" timestamp="12 Apr. 2019 01:15:21 GMT" skipped="4">
  <testcase classname="com.guru99.model.tests.MobilePageTests" name="verifyComparingTwoProductsTest" time="14.527"/>
  <testcase classname="com.guru99.model.tests.MobilePageTests" name="verifySortTest">
    <skipped/>
  </testcase> <!-- verifySortTest -->
  <testcase classname="com.guru99.model.tests.MobilePageTests" name="emptyCartTest">
    <skipped/>
  </testcase> <!-- emptyCartTest -->
  <testcase classname="com.guru99.model.tests.MobilePageTests" name="updateQuantityInCartTest">
    <skipped/>
  </testcase> <!-- updateQuantityInCartTest -->
  <testcase classname="com.guru99.model.tests.MobilePageTests" name="verifyCostOfProductTest">
    <skipped/>
  </testcase> <!-- verifyCostOfProductTest -->
</testsuite> <!-- com.guru99.model.tests.MobilePageTests -->
