<?xml version="1.0" encoding="UTF-8"?>
<!-- Generated by org.testng.reporters.JUnitReportReporter -->
<testsuite hostname="NSWSYDNLP228" failures="0" tests="1" name="com.guru99.model.tests.PlaceOrderTest" time="24.347" errors="0" timestamp="18 Apr. 2019 01:06:14 GMT" skipped="0">
  <testcase classname="com.guru99.model.tests.PlaceOrderTest" name="purchaseOrder" time="24.347"/>
</testsuite> <!-- com.guru99.model.tests.PlaceOrderTest -->
