<?xml version="1.0" encoding="UTF-8"?>
<!-- Generated by org.testng.reporters.JUnitReportReporter -->
<testsuite hostname="NSWSYDNLP228" failures="0" tests="3" name="com.guru99.model.tests.HomePageTest" time="15.772" errors="0" timestamp="07 May 2019 05:24:18 GMT" skipped="2">
  <testcase classname="com.guru99.model.tests.HomePageTest" name="verifyAdvanceSearch" time="15.772"/>
  <testcase classname="com.guru99.model.tests.HomePageTest" name="registerForAnAccountTest">
    <skipped/>
  </testcase> <!-- registerForAnAccountTest -->
  <testcase classname="com.guru99.model.tests.HomePageTest" name="verifyTitleTest">
    <skipped/>
  </testcase> <!-- verifyTitleTest -->
</testsuite> <!-- com.guru99.model.tests.HomePageTest -->
