<?xml version="1.0" encoding="UTF-8"?>
<!-- Generated by org.testng.reporters.JUnitReportReporter -->
<testsuite hostname="NSWSYDNLP228" failures="0" tests="2" name="com.guru99.model.tests.HomePageTest" time="33.382" errors="0" timestamp="12 Apr. 2019 05:49:43 GMT" skipped="1">
  <testcase classname="com.guru99.model.tests.HomePageTest" name="registerForAnAccountTest" time="33.382"/>
  <testcase classname="com.guru99.model.tests.HomePageTest" name="verifyTitleTest">
    <skipped/>
  </testcase> <!-- verifyTitleTest -->
</testsuite> <!-- com.guru99.model.tests.HomePageTest -->
