<?xml version="1.0" encoding="UTF-8"?>
<!-- Generated by org.testng.reporters.JUnitReportReporter -->
<testsuite hostname="NSWSYDNLP228" failures="0" tests="4" name="com.guru99.model.tests.OrderTest" time="16.680" errors="0" timestamp="26 Apr. 2019 02:05:50 GMT" skipped="3">
  <testcase classname="com.guru99.model.tests.OrderTest" name="verifyDiscount" time="16.680"/>
  <testcase classname="com.guru99.model.tests.OrderTest" name="printOrderInPdf">
    <skipped/>
  </testcase> <!-- printOrderInPdf -->
  <testcase classname="com.guru99.model.tests.OrderTest" name="purchaseOrder">
    <skipped/>
  </testcase> <!-- purchaseOrder -->
  <testcase classname="com.guru99.model.tests.OrderTest" name="ReOrder">
    <skipped/>
  </testcase> <!-- ReOrder -->
</testsuite> <!-- com.guru99.model.tests.OrderTest -->
